<?xml version="1.0" encoding="UTF-8"?>
<!-- Generated by org.testng.reporters.JUnitReportReporter -->
<testsuite hostname="KALYAN-AU1R79JD" failures="0" tests="1" name="testCases.TC01_LoginPageTest" time="2.442" errors="0" timestamp="2024-12-01T21:06:26 IST" skipped="0">
  <testcase classname="testCases.TC01_LoginPageTest" name="verify_login" time="2.442"/>
</testsuite> <!-- testCases.TC01_LoginPageTest -->
