<?xml version="1.0" encoding="UTF-8"?>
<!-- Generated by org.testng.reporters.JUnitReportReporter -->
<testsuite hostname="KALYAN-AU1R79JD" failures="0" tests="1" name="testCases.TC02_ResetPasswordTest" time="3.037" errors="0" timestamp="2024-12-01T21:06:26 IST" skipped="0">
  <testcase classname="testCases.TC02_ResetPasswordTest" name="resetPassword" time="3.037"/>
</testsuite> <!-- testCases.TC02_ResetPasswordTest -->
